0 verbose cli /usr/local/bin/node /usr/local/bin/npm
1 info using npm@10.8.2
2 info using node@v20.19.5
3 silly config load:file:/usr/local/lib/node_modules/npm/npmrc
4 silly config load:file:/data/.npmrc
5 silly config load:file:/usr/src/node-red/.npmrc
6 silly config load:file:/usr/local/etc/npmrc
7 verbose title npm install node-red-node-openweathermap@1.0.1
8 verbose argv "install" "--no-audit" "--no-update-notifier" "--no-fund" "--save" "--save-prefix" "~" "--omit" "dev" "--engine-strict" "node-red-node-openweathermap@1.0.1"
9 verbose logfile logs-max:10 dir:/data/.npm/_logs/2025-11-24T03_21_33_369Z-
10 verbose logfile /data/.npm/_logs/2025-11-24T03_21_33_369Z-debug-0.log
11 silly packumentCache heap:2197815296 maxSize:549453824 maxEntrySize:274726912
12 silly logfile done cleaning log files
13 silly idealTree buildDeps
14 silly fetch manifest node-red-node-openweathermap@1.0.1
15 silly packumentCache full:https://registry.npmjs.org/node-red-node-openweathermap cache-miss
16 http fetch GET 200 https://registry.npmjs.org/node-red-node-openweathermap 1118ms (cache miss)
17 silly packumentCache full:https://registry.npmjs.org/node-red-node-openweathermap set size:undefined disposed:false
18 silly placeDep ROOT node-red-node-openweathermap@1.0.1 OK for: node-red-project@0.0.1 want: 1.0.1
19 silly fetch manifest request@~2.88.2
20 silly packumentCache full:https://registry.npmjs.org/request cache-miss
21 http fetch GET 200 https://registry.npmjs.org/request 95ms (cache miss)
22 silly packumentCache full:https://registry.npmjs.org/request set size:undefined disposed:false
23 silly placeDep ROOT request@2.88.2 OK for: node-red-node-openweathermap@1.0.1 want: ~2.88.2
24 silly fetch manifest qs@~6.5.2
25 silly packumentCache full:https://registry.npmjs.org/qs cache-miss
26 silly fetch manifest aws4@^1.8.0
27 silly packumentCache full:https://registry.npmjs.org/aws4 cache-miss
28 silly fetch manifest uuid@^3.3.2
29 silly packumentCache full:https://registry.npmjs.org/uuid cache-miss
30 http fetch GET 200 https://registry.npmjs.org/qs 130ms (cache miss)
31 silly packumentCache full:https://registry.npmjs.org/qs set size:undefined disposed:false
32 silly fetch manifest extend@~3.0.2
33 silly packumentCache full:https://registry.npmjs.org/extend cache-miss
34 http fetch GET 200 https://registry.npmjs.org/aws4 187ms (cache miss)
35 silly packumentCache full:https://registry.npmjs.org/aws4 set size:undefined disposed:false
36 silly fetch manifest caseless@~0.12.0
37 silly packumentCache full:https://registry.npmjs.org/caseless cache-miss
38 http fetch GET 200 https://registry.npmjs.org/uuid 270ms (cache miss)
39 silly packumentCache full:https://registry.npmjs.org/uuid set size:undefined disposed:false
40 silly fetch manifest isstream@~0.1.2
41 silly packumentCache full:https://registry.npmjs.org/isstream cache-miss
42 http fetch GET 200 https://registry.npmjs.org/extend 140ms (cache miss)
43 silly packumentCache full:https://registry.npmjs.org/extend set size:undefined disposed:false
44 silly fetch manifest aws-sign2@~0.7.0
45 silly packumentCache full:https://registry.npmjs.org/aws-sign2 cache-miss
46 http fetch GET 200 https://registry.npmjs.org/caseless 105ms (cache miss)
47 silly packumentCache full:https://registry.npmjs.org/caseless set size:undefined disposed:false
48 silly fetch manifest form-data@~2.3.2
49 silly packumentCache full:https://registry.npmjs.org/form-data cache-miss
50 http fetch GET 200 https://registry.npmjs.org/isstream 61ms (cache miss)
51 silly packumentCache full:https://registry.npmjs.org/isstream set size:undefined disposed:false
52 silly fetch manifest oauth-sign@~0.9.0
53 silly packumentCache full:https://registry.npmjs.org/oauth-sign cache-miss
54 http fetch GET 200 https://registry.npmjs.org/aws-sign2 84ms (cache miss)
55 silly packumentCache full:https://registry.npmjs.org/aws-sign2 set size:undefined disposed:false
56 silly fetch manifest tough-cookie@~2.5.0
57 silly packumentCache full:https://registry.npmjs.org/tough-cookie cache-miss
58 http fetch GET 200 https://registry.npmjs.org/form-data 98ms (cache miss)
59 silly packumentCache full:https://registry.npmjs.org/form-data set size:undefined disposed:false
60 silly fetch manifest tunnel-agent@^0.6.0
61 silly packumentCache full:https://registry.npmjs.org/tunnel-agent cache-miss
62 http fetch GET 200 https://registry.npmjs.org/tough-cookie 80ms (cache miss)
63 silly packumentCache full:https://registry.npmjs.org/tough-cookie set size:undefined disposed:false
64 silly fetch manifest forever-agent@~0.6.1
65 silly packumentCache full:https://registry.npmjs.org/forever-agent cache-miss
66 http fetch GET 200 https://registry.npmjs.org/tunnel-agent 89ms (cache miss)
67 silly packumentCache full:https://registry.npmjs.org/tunnel-agent set size:undefined disposed:false
68 silly fetch manifest har-validator@~5.1.3
69 silly packumentCache full:https://registry.npmjs.org/har-validator cache-miss
70 http fetch GET 200 https://registry.npmjs.org/forever-agent 75ms (cache miss)
71 silly packumentCache full:https://registry.npmjs.org/forever-agent set size:undefined disposed:false
72 silly fetch manifest is-typedarray@~1.0.0
73 silly packumentCache full:https://registry.npmjs.org/is-typedarray cache-miss
74 http fetch GET 200 https://registry.npmjs.org/har-validator 150ms (cache miss)
75 silly packumentCache full:https://registry.npmjs.org/har-validator set size:undefined disposed:false
76 silly fetch manifest http-signature@~1.2.0
77 silly packumentCache full:https://registry.npmjs.org/http-signature cache-miss
78 http fetch GET 200 https://registry.npmjs.org/is-typedarray 140ms (cache miss)
79 silly packumentCache full:https://registry.npmjs.org/is-typedarray set size:undefined disposed:false
80 silly fetch manifest combined-stream@~1.0.6
81 silly packumentCache full:https://registry.npmjs.org/combined-stream cache-miss
82 http fetch GET 200 https://registry.npmjs.org/http-signature 195ms (cache miss)
83 silly packumentCache full:https://registry.npmjs.org/http-signature set size:undefined disposed:false
84 silly fetch manifest performance-now@^2.1.0
85 silly packumentCache full:https://registry.npmjs.org/performance-now cache-miss
86 http fetch GET 200 https://registry.npmjs.org/combined-stream 222ms (cache miss)
87 silly packumentCache full:https://registry.npmjs.org/combined-stream set size:undefined disposed:false
88 silly fetch manifest json-stringify-safe@~5.0.1
89 silly packumentCache full:https://registry.npmjs.org/json-stringify-safe cache-miss
90 http fetch GET 200 https://registry.npmjs.org/json-stringify-safe 111ms (cache miss)
91 silly packumentCache full:https://registry.npmjs.org/json-stringify-safe set size:undefined disposed:false
92 http fetch GET 200 https://registry.npmjs.org/performance-now 178ms (cache miss)
93 silly packumentCache full:https://registry.npmjs.org/performance-now set size:undefined disposed:false
94 http fetch GET 200 https://registry.npmjs.org/oauth-sign 757ms (cache miss)
95 silly packumentCache full:https://registry.npmjs.org/oauth-sign set size:undefined disposed:false
96 silly placeDep ROOT aws-sign2@0.7.0 OK for: request@2.88.2 want: ~0.7.0
97 silly placeDep ROOT aws4@1.13.2 OK for: request@2.88.2 want: ^1.8.0
98 silly placeDep ROOT caseless@0.12.0 OK for: request@2.88.2 want: ~0.12.0
99 silly placeDep ROOT combined-stream@1.0.8 OK for: request@2.88.2 want: ~1.0.6
100 silly placeDep ROOT extend@3.0.2 OK for: request@2.88.2 want: ~3.0.2
101 silly placeDep ROOT forever-agent@0.6.1 OK for: request@2.88.2 want: ~0.6.1
102 silly placeDep ROOT form-data@2.3.3 OK for: request@2.88.2 want: ~2.3.2
103 silly placeDep ROOT har-validator@5.1.5 OK for: request@2.88.2 want: ~5.1.3
104 silly placeDep ROOT http-signature@1.2.0 OK for: request@2.88.2 want: ~1.2.0
105 silly placeDep ROOT is-typedarray@1.0.0 OK for: request@2.88.2 want: ~1.0.0
106 silly placeDep ROOT isstream@0.1.2 OK for: request@2.88.2 want: ~0.1.2
107 silly placeDep ROOT json-stringify-safe@5.0.1 OK for: request@2.88.2 want: ~5.0.1
108 silly placeDep ROOT oauth-sign@0.9.0 OK for: request@2.88.2 want: ~0.9.0
109 silly placeDep ROOT performance-now@2.1.0 OK for: request@2.88.2 want: ^2.1.0
110 silly placeDep ROOT qs@6.5.3 OK for: request@2.88.2 want: ~6.5.2
111 silly placeDep ROOT tough-cookie@2.5.0 OK for: request@2.88.2 want: ~2.5.0
112 silly placeDep ROOT tunnel-agent@0.6.0 OK for: request@2.88.2 want: ^0.6.0
113 silly placeDep ROOT uuid@3.4.0 OK for: request@2.88.2 want: ^3.3.2
114 silly fetch manifest delayed-stream@~1.0.0
115 silly packumentCache full:https://registry.npmjs.org/delayed-stream cache-miss
116 silly fetch manifest asynckit@^0.4.0
117 silly packumentCache full:https://registry.npmjs.org/asynckit cache-miss
118 silly fetch manifest ajv@^6.12.3
119 silly packumentCache full:https://registry.npmjs.org/ajv cache-miss
120 http fetch GET 200 https://registry.npmjs.org/delayed-stream 104ms (cache miss)
121 silly packumentCache full:https://registry.npmjs.org/delayed-stream set size:undefined disposed:false
122 silly fetch manifest har-schema@^2.0.0
123 silly packumentCache full:https://registry.npmjs.org/har-schema cache-miss
124 http fetch GET 200 https://registry.npmjs.org/asynckit 139ms (cache miss)
125 silly packumentCache full:https://registry.npmjs.org/asynckit set size:undefined disposed:false
126 silly fetch manifest sshpk@^1.7.0
127 silly packumentCache full:https://registry.npmjs.org/sshpk cache-miss
128 http fetch GET 200 https://registry.npmjs.org/har-schema 98ms (cache miss)
129 silly packumentCache full:https://registry.npmjs.org/har-schema set size:undefined disposed:false
130 silly fetch manifest jsprim@^1.2.2
131 silly packumentCache full:https://registry.npmjs.org/jsprim cache-miss
132 http fetch GET 200 https://registry.npmjs.org/sshpk 117ms (cache miss)
133 silly packumentCache full:https://registry.npmjs.org/sshpk set size:undefined disposed:false
134 silly fetch manifest assert-plus@^1.0.0
135 silly packumentCache full:https://registry.npmjs.org/assert-plus cache-miss
136 http fetch GET 200 https://registry.npmjs.org/ajv 308ms (cache miss)
137 silly packumentCache full:https://registry.npmjs.org/ajv set size:undefined disposed:false
138 silly fetch manifest psl@^1.1.28
139 silly packumentCache full:https://registry.npmjs.org/psl cache-miss
140 http fetch GET 200 https://registry.npmjs.org/jsprim 184ms (cache miss)
141 silly packumentCache full:https://registry.npmjs.org/jsprim set size:undefined disposed:false
142 silly fetch manifest punycode@^2.1.1
143 silly packumentCache full:https://registry.npmjs.org/punycode cache-miss
144 http fetch GET 200 https://registry.npmjs.org/assert-plus 128ms (cache miss)
145 silly packumentCache full:https://registry.npmjs.org/assert-plus set size:undefined disposed:false
146 http fetch GET 200 https://registry.npmjs.org/psl 109ms (cache miss)
147 silly packumentCache full:https://registry.npmjs.org/psl set size:undefined disposed:false
148 http fetch GET 200 https://registry.npmjs.org/punycode 68ms (cache miss)
149 silly packumentCache full:https://registry.npmjs.org/punycode set size:undefined disposed:false
150 silly placeDep ROOT delayed-stream@1.0.0 OK for: combined-stream@1.0.8 want: ~1.0.0
151 silly placeDep ROOT asynckit@0.4.0 OK for: form-data@2.3.3 want: ^0.4.0
152 silly placeDep ROOT ajv@6.12.6 OK for: har-validator@5.1.5 want: ^6.12.3
153 silly placeDep ROOT har-schema@2.0.0 OK for: har-validator@5.1.5 want: ^2.0.0
154 silly fetch manifest uri-js@^4.2.2
155 silly packumentCache full:https://registry.npmjs.org/uri-js cache-miss
156 silly fetch manifest fast-deep-equal@^3.1.1
157 silly packumentCache full:https://registry.npmjs.org/fast-deep-equal cache-miss
158 silly fetch manifest json-schema-traverse@^0.4.1
159 silly packumentCache full:https://registry.npmjs.org/json-schema-traverse cache-miss
160 http fetch GET 200 https://registry.npmjs.org/fast-deep-equal 43ms (cache miss)
161 silly packumentCache full:https://registry.npmjs.org/fast-deep-equal set size:undefined disposed:false
162 silly fetch manifest fast-json-stable-stringify@^2.0.0
163 silly packumentCache full:https://registry.npmjs.org/fast-json-stable-stringify cache-miss
164 http fetch GET 200 https://registry.npmjs.org/json-schema-traverse 76ms (cache miss)
165 silly packumentCache full:https://registry.npmjs.org/json-schema-traverse set size:undefined disposed:false
166 http fetch GET 200 https://registry.npmjs.org/uri-js 134ms (cache miss)
167 silly packumentCache full:https://registry.npmjs.org/uri-js set size:undefined disposed:false
168 http fetch GET 200 https://registry.npmjs.org/fast-json-stable-stringify 92ms (cache miss)
169 silly packumentCache full:https://registry.npmjs.org/fast-json-stable-stringify set size:undefined disposed:false
170 silly placeDep ROOT fast-deep-equal@3.1.3 OK for: ajv@6.12.6 want: ^3.1.1
171 silly placeDep ROOT fast-json-stable-stringify@2.1.0 OK for: ajv@6.12.6 want: ^2.0.0
172 silly placeDep ROOT json-schema-traverse@0.4.1 OK for: ajv@6.12.6 want: ^0.4.1
173 silly placeDep ROOT uri-js@4.4.1 OK for: ajv@6.12.6 want: ^4.2.2
174 silly fetch manifest punycode@^2.1.0
175 silly packumentCache full:https://registry.npmjs.org/punycode cache-miss
176 http fetch GET 200 https://registry.npmjs.org/punycode 29ms (cache hit)
177 silly packumentCache full:https://registry.npmjs.org/punycode set size:61302 disposed:false
178 silly placeDep ROOT assert-plus@1.0.0 OK for: http-signature@1.2.0 want: ^1.0.0
179 silly placeDep ROOT jsprim@1.4.2 OK for: http-signature@1.2.0 want: ^1.2.2
180 silly placeDep ROOT sshpk@1.18.0 OK for: http-signature@1.2.0 want: ^1.7.0
181 silly fetch manifest verror@1.10.0
182 silly packumentCache full:https://registry.npmjs.org/verror cache-miss
183 silly fetch manifest extsprintf@1.3.0
184 silly packumentCache full:https://registry.npmjs.org/extsprintf cache-miss
185 silly fetch manifest json-schema@0.4.0
186 silly packumentCache full:https://registry.npmjs.org/json-schema cache-miss
187 http fetch GET 200 https://registry.npmjs.org/json-schema 84ms (cache miss)
188 silly packumentCache full:https://registry.npmjs.org/json-schema set size:undefined disposed:false
189 silly fetch manifest asn1@~0.2.3
190 silly packumentCache full:https://registry.npmjs.org/asn1 cache-miss
191 http fetch GET 200 https://registry.npmjs.org/verror 104ms (cache miss)
192 silly packumentCache full:https://registry.npmjs.org/verror set size:undefined disposed:false
193 silly fetch manifest jsbn@~0.1.0
194 silly packumentCache full:https://registry.npmjs.org/jsbn cache-miss
195 http fetch GET 200 https://registry.npmjs.org/extsprintf 115ms (cache miss)
196 silly packumentCache full:https://registry.npmjs.org/extsprintf set size:undefined disposed:false
197 silly fetch manifest getpass@^0.1.1
198 silly packumentCache full:https://registry.npmjs.org/getpass cache-miss
199 http fetch GET 200 https://registry.npmjs.org/asn1 64ms (cache miss)
200 silly packumentCache full:https://registry.npmjs.org/asn1 set size:undefined disposed:false
201 silly fetch manifest dashdash@^1.12.0
202 silly packumentCache full:https://registry.npmjs.org/dashdash cache-miss
203 http fetch GET 200 https://registry.npmjs.org/getpass 81ms (cache miss)
204 silly packumentCache full:https://registry.npmjs.org/getpass set size:undefined disposed:false
205 silly fetch manifest ecc-jsbn@~0.1.1
206 silly packumentCache full:https://registry.npmjs.org/ecc-jsbn cache-miss
207 http fetch GET 200 https://registry.npmjs.org/dashdash 122ms (cache miss)
208 silly packumentCache full:https://registry.npmjs.org/dashdash set size:undefined disposed:false
209 silly fetch manifest tweetnacl@~0.14.0
210 silly packumentCache full:https://registry.npmjs.org/tweetnacl cache-miss
211 http fetch GET 200 https://registry.npmjs.org/ecc-jsbn 129ms (cache miss)
212 silly packumentCache full:https://registry.npmjs.org/ecc-jsbn set size:undefined disposed:false
213 silly fetch manifest bcrypt-pbkdf@^1.0.0
214 silly packumentCache full:https://registry.npmjs.org/bcrypt-pbkdf cache-miss
215 http fetch GET 200 https://registry.npmjs.org/bcrypt-pbkdf 58ms (cache miss)
216 silly packumentCache full:https://registry.npmjs.org/bcrypt-pbkdf set size:undefined disposed:false
217 http fetch GET 200 https://registry.npmjs.org/tweetnacl 112ms (cache miss)
218 silly packumentCache full:https://registry.npmjs.org/tweetnacl set size:undefined disposed:false
219 http fetch GET 200 https://registry.npmjs.org/jsbn 396ms (cache miss)
220 silly packumentCache full:https://registry.npmjs.org/jsbn set size:undefined disposed:false
221 silly placeDep ROOT extsprintf@1.3.0 OK for: jsprim@1.4.2 want: 1.3.0
222 silly placeDep ROOT json-schema@0.4.0 OK for: jsprim@1.4.2 want: 0.4.0
223 silly placeDep ROOT verror@1.10.0 OK for: jsprim@1.4.2 want: 1.10.0
224 silly fetch manifest core-util-is@1.0.2
225 silly packumentCache full:https://registry.npmjs.org/core-util-is cache-miss
226 http fetch GET 200 https://registry.npmjs.org/core-util-is 46ms (cache miss)
227 silly packumentCache full:https://registry.npmjs.org/core-util-is set size:undefined disposed:false
228 silly placeDep ROOT asn1@0.2.6 OK for: sshpk@1.18.0 want: ~0.2.3
229 silly placeDep ROOT bcrypt-pbkdf@1.0.2 OK for: sshpk@1.18.0 want: ^1.0.0
230 silly placeDep ROOT dashdash@1.14.1 OK for: sshpk@1.18.0 want: ^1.12.0
231 silly placeDep ROOT ecc-jsbn@0.1.2 OK for: sshpk@1.18.0 want: ~0.1.1
232 silly placeDep ROOT getpass@0.1.7 OK for: sshpk@1.18.0 want: ^0.1.1
233 silly placeDep ROOT jsbn@0.1.1 OK for: sshpk@1.18.0 want: ~0.1.0
234 silly placeDep ROOT tweetnacl@0.14.5 OK for: sshpk@1.18.0 want: ~0.14.0
235 silly fetch manifest tweetnacl@^0.14.3
236 silly packumentCache full:https://registry.npmjs.org/tweetnacl cache-miss
237 http fetch GET 200 https://registry.npmjs.org/tweetnacl 15ms (cache hit)
238 silly packumentCache full:https://registry.npmjs.org/tweetnacl set size:79790 disposed:false
239 silly placeDep ROOT psl@1.15.0 OK for: tough-cookie@2.5.0 want: ^1.1.28
240 silly placeDep ROOT punycode@2.3.1 OK for: tough-cookie@2.5.0 want: ^2.1.1
241 silly fetch manifest punycode@^2.3.1
242 silly packumentCache full:https://registry.npmjs.org/punycode cache-hit
243 silly placeDep ROOT core-util-is@1.0.2 OK for: verror@1.10.0 want: 1.0.2
244 silly reify moves {}
245 silly tarball no local data for core-util-is@https://registry.npmjs.org/core-util-is/-/core-util-is-1.0.2.tgz. Extracting by manifest.
246 silly tarball no local data for psl@https://registry.npmjs.org/psl/-/psl-1.15.0.tgz. Extracting by manifest.
247 silly tarball no local data for tweetnacl@https://registry.npmjs.org/tweetnacl/-/tweetnacl-0.14.5.tgz. Extracting by manifest.
248 silly tarball no local data for jsbn@https://registry.npmjs.org/jsbn/-/jsbn-0.1.1.tgz. Extracting by manifest.
249 silly tarball no local data for getpass@https://registry.npmjs.org/getpass/-/getpass-0.1.7.tgz. Extracting by manifest.
250 silly tarball no local data for punycode@https://registry.npmjs.org/punycode/-/punycode-2.3.1.tgz. Extracting by manifest.
251 silly tarball no local data for ecc-jsbn@https://registry.npmjs.org/ecc-jsbn/-/ecc-jsbn-0.1.2.tgz. Extracting by manifest.
252 silly tarball no local data for dashdash@https://registry.npmjs.org/dashdash/-/dashdash-1.14.1.tgz. Extracting by manifest.
253 silly tarball no local data for bcrypt-pbkdf@https://registry.npmjs.org/bcrypt-pbkdf/-/bcrypt-pbkdf-1.0.2.tgz. Extracting by manifest.
254 silly tarball no local data for verror@https://registry.npmjs.org/verror/-/verror-1.10.0.tgz. Extracting by manifest.
255 silly tarball no local data for json-schema@https://registry.npmjs.org/json-schema/-/json-schema-0.4.0.tgz. Extracting by manifest.
256 silly tarball no local data for asn1@https://registry.npmjs.org/asn1/-/asn1-0.2.6.tgz. Extracting by manifest.
257 silly tarball no local data for extsprintf@https://registry.npmjs.org/extsprintf/-/extsprintf-1.3.0.tgz. Extracting by manifest.
258 silly tarball no local data for sshpk@https://registry.npmjs.org/sshpk/-/sshpk-1.18.0.tgz. Extracting by manifest.
259 silly tarball no local data for jsprim@https://registry.npmjs.org/jsprim/-/jsprim-1.4.2.tgz. Extracting by manifest.
260 silly tarball no local data for assert-plus@https://registry.npmjs.org/assert-plus/-/assert-plus-1.0.0.tgz. Extracting by manifest.
261 silly tarball no local data for uri-js@https://registry.npmjs.org/uri-js/-/uri-js-4.4.1.tgz. Extracting by manifest.
262 silly tarball no local data for json-schema-traverse@https://registry.npmjs.org/json-schema-traverse/-/json-schema-traverse-0.4.1.tgz. Extracting by manifest.
263 silly tarball no local data for fast-json-stable-stringify@https://registry.npmjs.org/fast-json-stable-stringify/-/fast-json-stable-stringify-2.1.0.tgz. Extracting by manifest.
264 silly tarball no local data for fast-deep-equal@https://registry.npmjs.org/fast-deep-equal/-/fast-deep-equal-3.1.3.tgz. Extracting by manifest.
265 silly tarball no local data for ajv@https://registry.npmjs.org/ajv/-/ajv-6.12.6.tgz. Extracting by manifest.
266 silly tarball no local data for asynckit@https://registry.npmjs.org/asynckit/-/asynckit-0.4.0.tgz. Extracting by manifest.
267 silly tarball no local data for delayed-stream@https://registry.npmjs.org/delayed-stream/-/delayed-stream-1.0.0.tgz. Extracting by manifest.
268 silly tarball no local data for tunnel-agent@https://registry.npmjs.org/tunnel-agent/-/tunnel-agent-0.6.0.tgz. Extracting by manifest.
269 silly tarball no local data for uuid@https://registry.npmjs.org/uuid/-/uuid-3.4.0.tgz. Extracting by manifest.
270 silly tarball no local data for qs@https://registry.npmjs.org/qs/-/qs-6.5.3.tgz. Extracting by manifest.
271 silly tarball no local data for performance-now@https://registry.npmjs.org/performance-now/-/performance-now-2.1.0.tgz. Extracting by manifest.
272 silly tarball no local data for json-stringify-safe@https://registry.npmjs.org/json-stringify-safe/-/json-stringify-safe-5.0.1.tgz. Extracting by manifest.
273 silly tarball no local data for oauth-sign@https://registry.npmjs.org/oauth-sign/-/oauth-sign-0.9.0.tgz. Extracting by manifest.
274 silly tarball no local data for isstream@https://registry.npmjs.org/isstream/-/isstream-0.1.2.tgz. Extracting by manifest.
275 silly tarball no local data for is-typedarray@https://registry.npmjs.org/is-typedarray/-/is-typedarray-1.0.0.tgz. Extracting by manifest.
276 silly tarball no local data for har-validator@https://registry.npmjs.org/har-validator/-/har-validator-5.1.5.tgz. Extracting by manifest.
277 silly tarball no local data for http-signature@https://registry.npmjs.org/http-signature/-/http-signature-1.2.0.tgz. Extracting by manifest.
278 silly tarball no local data for form-data@https://registry.npmjs.org/form-data/-/form-data-2.3.3.tgz. Extracting by manifest.
279 silly tarball no local data for forever-agent@https://registry.npmjs.org/forever-agent/-/forever-agent-0.6.1.tgz. Extracting by manifest.
280 silly tarball no local data for extend@https://registry.npmjs.org/extend/-/extend-3.0.2.tgz. Extracting by manifest.
281 silly tarball no local data for combined-stream@https://registry.npmjs.org/combined-stream/-/combined-stream-1.0.8.tgz. Extracting by manifest.
282 silly tarball no local data for caseless@https://registry.npmjs.org/caseless/-/caseless-0.12.0.tgz. Extracting by manifest.
283 silly tarball no local data for aws4@https://registry.npmjs.org/aws4/-/aws4-1.13.2.tgz. Extracting by manifest.
284 silly tarball no local data for aws-sign2@https://registry.npmjs.org/aws-sign2/-/aws-sign2-0.7.0.tgz. Extracting by manifest.
285 silly tarball no local data for request@https://registry.npmjs.org/request/-/request-2.88.2.tgz. Extracting by manifest.
286 silly tarball no local data for node-red-node-openweathermap@https://registry.npmjs.org/node-red-node-openweathermap/-/node-red-node-openweathermap-1.0.1.tgz. Extracting by manifest.
287 silly tarball no local data for tough-cookie@https://registry.npmjs.org/tough-cookie/-/tough-cookie-2.5.0.tgz. Extracting by manifest.
288 silly tarball no local data for har-schema@https://registry.npmjs.org/har-schema/-/har-schema-2.0.0.tgz. Extracting by manifest.
289 http fetch GET 200 https://registry.npmjs.org/core-util-is/-/core-util-is-1.0.2.tgz 1036ms (cache miss)
290 http fetch GET 200 https://registry.npmjs.org/jsbn/-/jsbn-0.1.1.tgz 1107ms (cache miss)
291 http fetch GET 200 https://registry.npmjs.org/tweetnacl/-/tweetnacl-0.14.5.tgz 1389ms (cache miss)
292 http fetch GET 200 https://registry.npmjs.org/json-schema-traverse/-/json-schema-traverse-0.4.1.tgz 1297ms (cache miss)
293 http fetch GET 200 https://registry.npmjs.org/jsprim/-/jsprim-1.4.2.tgz 1302ms (cache miss)
294 http fetch GET 200 https://registry.npmjs.org/fast-json-stable-stringify/-/fast-json-stable-stringify-2.1.0.tgz 1317ms (cache miss)
295 http fetch GET 200 https://registry.npmjs.org/getpass/-/getpass-0.1.7.tgz 1492ms (cache miss)
296 http fetch GET 200 https://registry.npmjs.org/fast-deep-equal/-/fast-deep-equal-3.1.3.tgz 1474ms (cache miss)
297 http fetch GET 200 https://registry.npmjs.org/assert-plus/-/assert-plus-1.0.0.tgz 1580ms (cache miss)
298 http fetch GET 200 https://registry.npmjs.org/punycode/-/punycode-2.3.1.tgz 1697ms (cache miss)
299 http fetch GET 200 https://registry.npmjs.org/json-schema/-/json-schema-0.4.0.tgz 1779ms (cache miss)
300 http fetch GET 200 https://registry.npmjs.org/delayed-stream/-/delayed-stream-1.0.0.tgz 1849ms (cache miss)
301 http fetch GET 200 https://registry.npmjs.org/forever-agent/-/forever-agent-0.6.1.tgz 1816ms (cache miss)
302 http fetch GET 200 https://registry.npmjs.org/har-validator/-/har-validator-5.1.5.tgz 1864ms (cache miss)
303 warn deprecated har-validator@5.1.5: this library is no longer supported
304 http fetch GET 200 https://registry.npmjs.org/json-stringify-safe/-/json-stringify-safe-5.0.1.tgz 1883ms (cache miss)
305 http fetch GET 200 https://registry.npmjs.org/extsprintf/-/extsprintf-1.3.0.tgz 1924ms (cache miss)
306 http fetch GET 200 https://registry.npmjs.org/bcrypt-pbkdf/-/bcrypt-pbkdf-1.0.2.tgz 1990ms (cache miss)
307 http fetch GET 200 https://registry.npmjs.org/ecc-jsbn/-/ecc-jsbn-0.1.2.tgz 2079ms (cache miss)
308 http fetch GET 200 https://registry.npmjs.org/tunnel-agent/-/tunnel-agent-0.6.0.tgz 1988ms (cache miss)
309 http fetch GET 200 https://registry.npmjs.org/asn1/-/asn1-0.2.6.tgz 2109ms (cache miss)
310 http fetch GET 200 https://registry.npmjs.org/is-typedarray/-/is-typedarray-1.0.0.tgz 2020ms (cache miss)
311 http fetch GET 200 https://registry.npmjs.org/isstream/-/isstream-0.1.2.tgz 2024ms (cache miss)
312 http fetch GET 200 https://registry.npmjs.org/verror/-/verror-1.10.0.tgz 2117ms (cache miss)
313 http fetch GET 200 https://registry.npmjs.org/oauth-sign/-/oauth-sign-0.9.0.tgz 2058ms (cache miss)
314 http fetch GET 200 https://registry.npmjs.org/uuid/-/uuid-3.4.0.tgz 2092ms (cache miss)
315 http fetch GET 200 https://registry.npmjs.org/performance-now/-/performance-now-2.1.0.tgz 2091ms (cache miss)
316 http fetch GET 200 https://registry.npmjs.org/aws4/-/aws4-1.13.2.tgz 2075ms (cache miss)
317 warn deprecated uuid@3.4.0: Please upgrade  to version 7 or higher.  Older versions may use Math.random() in certain circumstances, which is known to be problematic.  See https://v8.dev/blog/math-random for details.
318 http fetch GET 200 https://registry.npmjs.org/dashdash/-/dashdash-1.14.1.tgz 2238ms (cache miss)
319 http fetch GET 200 https://registry.npmjs.org/aws-sign2/-/aws-sign2-0.7.0.tgz 2092ms (cache miss)
320 http fetch GET 200 https://registry.npmjs.org/extend/-/extend-3.0.2.tgz 2121ms (cache miss)
321 http fetch GET 200 https://registry.npmjs.org/combined-stream/-/combined-stream-1.0.8.tgz 2121ms (cache miss)
322 http fetch GET 200 https://registry.npmjs.org/caseless/-/caseless-0.12.0.tgz 2137ms (cache miss)
323 http fetch GET 200 https://registry.npmjs.org/har-schema/-/har-schema-2.0.0.tgz 2119ms (cache miss)
324 http fetch GET 200 https://registry.npmjs.org/http-signature/-/http-signature-1.2.0.tgz 2169ms (cache miss)
325 http fetch GET 200 https://registry.npmjs.org/asynckit/-/asynckit-0.4.0.tgz 2237ms (cache miss)
326 http fetch GET 200 https://registry.npmjs.org/node-red-node-openweathermap/-/node-red-node-openweathermap-1.0.1.tgz 2229ms (cache miss)
327 http fetch GET 200 https://registry.npmjs.org/form-data/-/form-data-2.3.3.tgz 2265ms (cache miss)
328 http fetch GET 200 https://registry.npmjs.org/tough-cookie/-/tough-cookie-2.5.0.tgz 2257ms (cache miss)
329 http fetch GET 200 https://registry.npmjs.org/qs/-/qs-6.5.3.tgz 2348ms (cache miss)
330 http fetch GET 200 https://registry.npmjs.org/request/-/request-2.88.2.tgz 2315ms (cache miss)
331 warn deprecated request@2.88.2: request has been deprecated, see https://github.com/request/request/issues/3142
332 http fetch GET 200 https://registry.npmjs.org/uri-js/-/uri-js-4.4.1.tgz 2446ms (cache miss)
333 http fetch GET 200 https://registry.npmjs.org/sshpk/-/sshpk-1.18.0.tgz 2482ms (cache miss)
334 http fetch GET 200 https://registry.npmjs.org/psl/-/psl-1.15.0.tgz 2592ms (cache miss)
335 http fetch GET 200 https://registry.npmjs.org/ajv/-/ajv-6.12.6.tgz 2545ms (cache miss)
336 silly ADD node_modules/core-util-is
337 silly ADD node_modules/punycode
338 silly ADD node_modules/psl
339 silly ADD node_modules/tweetnacl
340 silly ADD node_modules/jsbn
341 silly ADD node_modules/getpass
342 silly ADD node_modules/ecc-jsbn
343 silly ADD node_modules/dashdash
344 silly ADD node_modules/bcrypt-pbkdf
345 silly ADD node_modules/asn1
346 silly ADD node_modules/verror
347 silly ADD node_modules/json-schema
348 silly ADD node_modules/extsprintf
349 silly ADD node_modules/sshpk
350 silly ADD node_modules/jsprim
351 silly ADD node_modules/assert-plus
352 silly ADD node_modules/uri-js
353 silly ADD node_modules/json-schema-traverse
354 silly ADD node_modules/fast-json-stable-stringify
355 silly ADD node_modules/fast-deep-equal
356 silly ADD node_modules/har-schema
357 silly ADD node_modules/ajv
358 silly ADD node_modules/asynckit
359 silly ADD node_modules/delayed-stream
360 silly ADD node_modules/uuid
361 silly ADD node_modules/tunnel-agent
362 silly ADD node_modules/tough-cookie
363 silly ADD node_modules/qs
364 silly ADD node_modules/performance-now
365 silly ADD node_modules/oauth-sign
366 silly ADD node_modules/json-stringify-safe
367 silly ADD node_modules/isstream
368 silly ADD node_modules/is-typedarray
369 silly ADD node_modules/http-signature
370 silly ADD node_modules/har-validator
371 silly ADD node_modules/form-data
372 silly ADD node_modules/forever-agent
373 silly ADD node_modules/extend
374 silly ADD node_modules/combined-stream
375 silly ADD node_modules/caseless
376 silly ADD node_modules/aws4
377 silly ADD node_modules/aws-sign2
378 silly ADD node_modules/request
379 silly ADD node_modules/node-red-node-openweathermap
380 verbose cwd /data
381 verbose os Linux 6.6.87.2-microsoft-standard-WSL2
382 verbose node v20.19.5
383 verbose npm  v10.8.2
384 verbose exit 0
385 info ok
